

Started POST "/dk/casestorries" for 127.0.0.1 at 2011-04-17 23:03:02 +0200
  Processing by CasestorriesController#create as JS
  Parameters: {"Filename"=>"254_Hotel_Saxildhus_Kolding.jpg", "authenticity_token"=>"rO/4K/zairdZ+7LOBoJ7p9TZWy5Qe0uArFBklBTndQY=", "_http_accept"=>"application/javascript", "utf8"=>"✓", "casestorry"=>{"title"=>"asdf", "category"=>"asd", "image"=>#<ActionDispatch::Http::UploadedFile:0x0000010a90e010 @original_filename="254_Hotel_Saxildhus_Kolding.jpg", @content_type="application/octet-stream", @headers="Content-Disposition: form-data; name=\"casestorry[image]\"; filename=\"254_Hotel_Saxildhus_Kolding.jpg\"\r\nContent-Type: application/octet-stream\r\n", @tempfile=#<File:/var/folders/9D/9DqRwQuWH3yKQPppxNiM2++++TI/-Tmp-/RackMultipart20110417-12539-ajhuzf>>}, "commit"=>"gem", "_template_session"=>"BAh7CUkiEF9jc3JmX3Rva2VuBjoGRUZJIjFyTy80Sy96YWlyZForN0xPQm9KN3A5VFpXeTVRZTB1QXJGQmtsQlRuZFFZPQY7AEZJIgtsb2NhbGUGOwBGSSIHZGsGOwBUSSIZd2FyZGVuLnVzZXIudXNlci5rZXkGOwBUWwdJIglVc2VyBjsARmkGSSIPc2Vzc2lvbl9pZAY7AEYiJWRjYmZmMDY3ODc2MjAwODEyYTdiODc1MjA2N2IxNDI2--15ee41ee19bbfde5f7a03f5159cccbb411ef5766", "folder"=>"/dk/casestorries/", "Upload"=>"Submit Query", "locale"=>"dk"}
  [1m[35mUser Load (0.8ms)[0m  SELECT `users`.* FROM `users` WHERE (`users`.`id` = 1) LIMIT 1
[paperclip] identify -format %wx%h '/var/folders/9D/9DqRwQuWH3yKQPppxNiM2++++TI/-Tmp-/stream20110417-12539-1pd06bo.jpg[0]' 2>/dev/null
[paperclip] convert '/var/folders/9D/9DqRwQuWH3yKQPppxNiM2++++TI/-Tmp-/stream20110417-12539-1pd06bo.jpg[0]' -resize "32x32" '/var/folders/9D/9DqRwQuWH3yKQPppxNiM2++++TI/-Tmp-/stream20110417-12539-1pd06bo20110417-12539-gjk04j' 2>/dev/null
[paperclip] identify -format %wx%h '/var/folders/9D/9DqRwQuWH3yKQPppxNiM2++++TI/-Tmp-/stream20110417-12539-1pd06bo.jpg[0]' 2>/dev/null
[paperclip] convert '/var/folders/9D/9DqRwQuWH3yKQPppxNiM2++++TI/-Tmp-/stream20110417-12539-1pd06bo.jpg[0]' -resize "240x240" '/var/folders/9D/9DqRwQuWH3yKQPppxNiM2++++TI/-Tmp-/stream20110417-12539-1pd06bo20110417-12539-1g90amj' 2>/dev/null
Completed   in 168ms

NameError (uninitialized constant CasestorriesController::Casestory):
  app/controllers/casestorries_controller.rb:23:in `create'
  app/middleware/flash_session_cookie_middleware.rb:16:in `call'

Rendered /Users/synthmax/.rvm/gems/ruby-1.9.2-rc2@gopublish/gems/actionpack-3.0.3/lib/action_dispatch/middleware/templates/rescues/_trace.erb (1.1ms)
Rendered /Users/synthmax/.rvm/gems/ruby-1.9.2-rc2@gopublish/gems/actionpack-3.0.3/lib/action_dispatch/middleware/templates/rescues/_request_and_response.erb (725.2ms)
Rendered /Users/synthmax/.rvm/gems/ruby-1.9.2-rc2@gopublish/gems/actionpack-3.0.3/lib/action_dispatch/middleware/templates/rescues/diagnostics.erb within rescues/layout (736.0ms)


Started GET "/dk/casestorries/new" for 127.0.0.1 at 2011-04-17 23:05:13 +0200
  Processing by CasestorriesController#new as HTML
  Parameters: {"locale"=>"dk"}
  [1m[36mUser Load (0.8ms)[0m  [1mSELECT `users`.* FROM `users` WHERE (`users`.`id` = 1) LIMIT 1[0m
Rendered casestorries/_form.html.erb (7.1ms)
DEPRECATION WARNING: <% %> style block helpers are deprecated. Please use <%= %>. (called from _app_views_shared__navigation_html_erb__826833013338909757_2177143460_3995803642467560937 at /Users/synthmax/Dropbox/htxwiki/app/views/shared/_navigation.html.erb:42)
Rendered shared/_navigation.html.erb (3.4ms)
Rendered shared/_topbanner.erb (0.2ms)
Rendered shared/_footer.html.erb (0.3ms)
Rendered casestorries/new.html.erb within layouts/application (16.8ms)
Completed 200 OK in 62ms (Views: 24.8ms | ActiveRecord: 0.8ms | Sphinx: 0.0ms)


Started POST "/dk/casestorries" for 127.0.0.1 at 2011-04-17 23:05:16 +0200
  Processing by CasestorriesController#create as JS
  Parameters: {"Filename"=>"254_Hotel_Saxildhus_Kolding.jpg", "_http_accept"=>"application/javascript", "utf8"=>"✓", "casestorry"=>{"title"=>"asdf", "category"=>"asd", "image"=>#<ActionDispatch::Http::UploadedFile:0x0000010a96e4b0 @original_filename="254_Hotel_Saxildhus_Kolding.jpg", @content_type="application/octet-stream", @headers="Content-Disposition: form-data; name=\"casestorry[image]\"; filename=\"254_Hotel_Saxildhus_Kolding.jpg\"\r\nContent-Type: application/octet-stream\r\n", @tempfile=#<File:/var/folders/9D/9DqRwQuWH3yKQPppxNiM2++++TI/-Tmp-/RackMultipart20110417-12539-jb4wil>>}, "commit"=>"gem", "_template_session"=>"BAh7CUkiEF9jc3JmX3Rva2VuBjoGRUZJIjFyTy80Sy96YWlyZForN0xPQm9KN3A5VFpXeTVRZTB1QXJGQmtsQlRuZFFZPQY7AEZJIgtsb2NhbGUGOwBGSSIHZGsGOwBUSSIZd2FyZGVuLnVzZXIudXNlci5rZXkGOwBUWwdJIglVc2VyBjsARmkGSSIPc2Vzc2lvbl9pZAY7AEYiJWRjYmZmMDY3ODc2MjAwODEyYTdiODc1MjA2N2IxNDI2--15ee41ee19bbfde5f7a03f5159cccbb411ef5766", "folder"=>"/dk/casestorries/", "authenticity_token"=>"rO/4K/zairdZ+7LOBoJ7p9TZWy5Qe0uArFBklBTndQY=", "Upload"=>"Submit Query", "locale"=>"dk"}
  [1m[35mUser Load (0.8ms)[0m  SELECT `users`.* FROM `users` WHERE (`users`.`id` = 1) LIMIT 1
[paperclip] identify -format %wx%h '/var/folders/9D/9DqRwQuWH3yKQPppxNiM2++++TI/-Tmp-/stream20110417-12539-re08u6.jpg[0]' 2>/dev/null
[paperclip] convert '/var/folders/9D/9DqRwQuWH3yKQPppxNiM2++++TI/-Tmp-/stream20110417-12539-re08u6.jpg[0]' -resize "32x32" '/var/folders/9D/9DqRwQuWH3yKQPppxNiM2++++TI/-Tmp-/stream20110417-12539-re08u620110417-12539-1f85s7x' 2>/dev/null
[paperclip] identify -format %wx%h '/var/folders/9D/9DqRwQuWH3yKQPppxNiM2++++TI/-Tmp-/stream20110417-12539-re08u6.jpg[0]' 2>/dev/null
[paperclip] convert '/var/folders/9D/9DqRwQuWH3yKQPppxNiM2++++TI/-Tmp-/stream20110417-12539-re08u6.jpg[0]' -resize "240x240" '/var/folders/9D/9DqRwQuWH3yKQPppxNiM2++++TI/-Tmp-/stream20110417-12539-re08u620110417-12539-16ch422' 2>/dev/null
[paperclip] identify -format %wx%h '/var/folders/9D/9DqRwQuWH3yKQPppxNiM2++++TI/-Tmp-/stream20110417-12539-kuyem0.jpg[0]' 2>/dev/null
[paperclip] convert '/var/folders/9D/9DqRwQuWH3yKQPppxNiM2++++TI/-Tmp-/stream20110417-12539-kuyem0.jpg[0]' -resize "32x32" '/var/folders/9D/9DqRwQuWH3yKQPppxNiM2++++TI/-Tmp-/stream20110417-12539-kuyem020110417-12539-1wifd8b' 2>/dev/null
[paperclip] identify -format %wx%h '/var/folders/9D/9DqRwQuWH3yKQPppxNiM2++++TI/-Tmp-/stream20110417-12539-kuyem0.jpg[0]' 2>/dev/null
[paperclip] convert '/var/folders/9D/9DqRwQuWH3yKQPppxNiM2++++TI/-Tmp-/stream20110417-12539-kuyem0.jpg[0]' -resize "240x240" '/var/folders/9D/9DqRwQuWH3yKQPppxNiM2++++TI/-Tmp-/stream20110417-12539-kuyem020110417-12539-qfnbb8' 2>/dev/null
  [1m[36mSQL (0.6ms)[0m  [1mBEGIN[0m
  [1m[35mSQL (1.9ms)[0m  describe `casestorries`
  [1m[36mAREL (0.3ms)[0m  [1mINSERT INTO `casestorries` (`title`, `body`, `category`, `created_at`, `updated_at`, `image_file_name`, `image_content_type`, `image_file_size`, `image_updated_at`) VALUES ('asdf', NULL, 'asd', '2011-04-17 21:05:17', '2011-04-17 21:05:17', '254_Hotel_Saxildhus_Kolding.jpg', 'image/jpeg', 33495, '2011-04-17 21:05:17')[0m
[paperclip] Saving attachments.
[paperclip] saving /Users/synthmax/Dropbox/htxwiki/public/system/images/1/original/254_Hotel_Saxildhus_Kolding.jpg
[paperclip] saving /Users/synthmax/Dropbox/htxwiki/public/system/images/1/mini/254_Hotel_Saxildhus_Kolding.jpg
[paperclip] saving /Users/synthmax/Dropbox/htxwiki/public/system/images/1/thumbnail/254_Hotel_Saxildhus_Kolding.jpg
  [1m[35mSQL (0.4ms)[0m  COMMIT
  [1m[36mSQL (0.1ms)[0m  [1mBEGIN[0m
[paperclip] Saving attachments.
  [1m[35mSQL (0.1ms)[0m  COMMIT
Rendered casestorries/create.js.erb (0.9ms)
Completed 200 OK in 334ms (Views: 33.6ms | ActiveRecord: 4.3ms | Sphinx: 0.0ms)


Started GET "/dk/casestorries/1" for 127.0.0.1 at 2011-04-17 23:05:17 +0200
  Processing by CasestorriesController#show as HTML
  Parameters: {"locale"=>"dk", "id"=>"1"}
  [1m[36mUser Load (1.7ms)[0m  [1mSELECT `users`.* FROM `users` WHERE (`users`.`id` = 1) LIMIT 1[0m
  [1m[35mCasestorry Load (0.7ms)[0m  SELECT `casestorries`.* FROM `casestorries` WHERE (`casestorries`.`id` = 1) LIMIT 1
DEPRECATION WARNING: <% %> style block helpers are deprecated. Please use <%= %>. (called from _app_views_shared__navigation_html_erb__826833013338909757_2158966300_3995803642467560937 at /Users/synthmax/Dropbox/htxwiki/app/views/shared/_navigation.html.erb:42)
Rendered shared/_navigation.html.erb (3.9ms)
Rendered shared/_topbanner.erb (0.3ms)
Rendered shared/_footer.html.erb (0.3ms)
Rendered casestorries/show.html.erb within layouts/application (18.3ms)
Completed 200 OK in 74ms (Views: 26.5ms | ActiveRecord: 2.4ms | Sphinx: 0.0ms)
DEPRECATION WARNING: Use toplevel init.rb; rails/init.rb is deprecated: /Users/synthmax/Dropbox/htxwiki/vendor/plugins/paperclip/rails/init.rb. (called from <top (required)> at /Users/synthmax/Dropbox/htxwiki/config/environment.rb:5)
  [1m[36mSQL (0.3ms)[0m  [1mSELECT id FROM `casestorries`[0m
  [1m[35mSQL (0.5ms)[0m  SHOW TABLES
  [1m[36mCasestorry Load (0.6ms)[0m  [1mSELECT `casestorries`.* FROM `casestorries` WHERE (`casestorries`.`id` = 1) LIMIT 1[0m
  [1m[35mSQL (0.2ms)[0m  BEGIN
DEPRECATION WARNING: save(false) is deprecated, please give save(:validate => false) instead. (called from block (4 levels) in <top (required)> at /Users/synthmax/Dropbox/htxwiki/vendor/plugins/paperclip/lib/tasks/paperclip.rake:59)
[paperclip] Saving attachments.
  [1m[36mSQL (0.1ms)[0m  [1mCOMMIT[0m
  [1m[35mSQL (0.3ms)[0m  SELECT id FROM `casestorries`
  [1m[36mCasestorry Load (0.4ms)[0m  [1mSELECT `casestorries`.* FROM `casestorries` WHERE (`casestorries`.`id` = 1) LIMIT 1[0m
  [1m[35mSQL (0.2ms)[0m  BEGIN
DEPRECATION WARNING: save(false) is deprecated, please give save(:validate => false) instead. (called from block (4 levels) in <top (required)> at /Users/synthmax/Dropbox/htxwiki/lib/tasks/paperclip_tasks.rake:60)
[paperclip] Saving attachments.
  [1m[36mSQL (0.1ms)[0m  [1mCOMMIT[0m
  [1m[35mSQL (0.3ms)[0m  SELECT id FROM `casestorries`
  [1m[36mCasestorry Load (0.5ms)[0m  [1mSELECT `casestorries`.* FROM `casestorries` WHERE (`casestorries`.`id` = 1) LIMIT 1[0m
[paperclip] identify -format %wx%h '/var/folders/9D/9DqRwQuWH3yKQPppxNiM2++++TI/-Tmp-/paperclip-reprocess20110417-12639-1lx6grj[0]' 2>/dev/null
[paperclip] convert '/var/folders/9D/9DqRwQuWH3yKQPppxNiM2++++TI/-Tmp-/paperclip-reprocess20110417-12639-1lx6grj[0]' -resize "32x32" '/var/folders/9D/9DqRwQuWH3yKQPppxNiM2++++TI/-Tmp-/paperclip-reprocess20110417-12639-1lx6grj20110417-12639-f517pg' 2>/dev/null
[paperclip] identify -format %wx%h '/var/folders/9D/9DqRwQuWH3yKQPppxNiM2++++TI/-Tmp-/paperclip-reprocess20110417-12639-1lx6grj[0]' 2>/dev/null
[paperclip] convert '/var/folders/9D/9DqRwQuWH3yKQPppxNiM2++++TI/-Tmp-/paperclip-reprocess20110417-12639-1lx6grj[0]' -resize "238x146" '/var/folders/9D/9DqRwQuWH3yKQPppxNiM2++++TI/-Tmp-/paperclip-reprocess20110417-12639-1lx6grj20110417-12639-nmo49q' 2>/dev/null
[paperclip] saving /Users/synthmax/Dropbox/htxwiki/public/system/images/1/original/254_Hotel_Saxildhus_Kolding.jpg
[paperclip] saving /Users/synthmax/Dropbox/htxwiki/public/system/images/1/mini/254_Hotel_Saxildhus_Kolding.jpg
[paperclip] saving /Users/synthmax/Dropbox/htxwiki/public/system/images/1/thumbnail/254_Hotel_Saxildhus_Kolding.jpg
  [1m[35mSQL (0.5ms)[0m  SELECT id FROM `casestorries`
  [1m[36mCasestorry Load (1.0ms)[0m  [1mSELECT `casestorries`.* FROM `casestorries` WHERE (`casestorries`.`id` = 1) LIMIT 1[0m
[paperclip] identify -format %wx%h '/var/folders/9D/9DqRwQuWH3yKQPppxNiM2++++TI/-Tmp-/paperclip-reprocess20110417-12639-1ji4kj5[0]' 2>/dev/null
[paperclip] convert '/var/folders/9D/9DqRwQuWH3yKQPppxNiM2++++TI/-Tmp-/paperclip-reprocess20110417-12639-1ji4kj5[0]' -resize "32x32" '/var/folders/9D/9DqRwQuWH3yKQPppxNiM2++++TI/-Tmp-/paperclip-reprocess20110417-12639-1ji4kj520110417-12639-touzcy' 2>/dev/null
[paperclip] identify -format %wx%h '/var/folders/9D/9DqRwQuWH3yKQPppxNiM2++++TI/-Tmp-/paperclip-reprocess20110417-12639-1ji4kj5[0]' 2>/dev/null
[paperclip] convert '/var/folders/9D/9DqRwQuWH3yKQPppxNiM2++++TI/-Tmp-/paperclip-reprocess20110417-12639-1ji4kj5[0]' -resize "238x146" '/var/folders/9D/9DqRwQuWH3yKQPppxNiM2++++TI/-Tmp-/paperclip-reprocess20110417-12639-1ji4kj520110417-12639-1tin15x' 2>/dev/null
[paperclip] saving /Users/synthmax/Dropbox/htxwiki/public/system/images/1/original/254_Hotel_Saxildhus_Kolding.jpg
[paperclip] saving /Users/synthmax/Dropbox/htxwiki/public/system/images/1/mini/254_Hotel_Saxildhus_Kolding.jpg
[paperclip] saving /Users/synthmax/Dropbox/htxwiki/public/system/images/1/thumbnail/254_Hotel_Saxildhus_Kolding.jpg


Started GET "/dk/casestorries/1" for 127.0.0.1 at 2011-04-17 23:09:48 +0200
  Processing by CasestorriesController#show as HTML
  Parameters: {"locale"=>"dk", "id"=>"1"}
  [1m[36mUser Load (0.8ms)[0m  [1mSELECT `users`.* FROM `users` WHERE (`users`.`id` = 1) LIMIT 1[0m
  [1m[35mCasestorry Load (0.6ms)[0m  SELECT `casestorries`.* FROM `casestorries` WHERE (`casestorries`.`id` = 1) LIMIT 1
DEPRECATION WARNING: <% %> style block helpers are deprecated. Please use <%= %>. (called from _app_views_shared__navigation_html_erb__826833013338909757_2186203640_3995803642467560937 at /Users/synthmax/Dropbox/htxwiki/app/views/shared/_navigation.html.erb:42)
Rendered shared/_navigation.html.erb (3.6ms)
Rendered shared/_topbanner.erb (0.2ms)
Rendered shared/_footer.html.erb (0.2ms)
Rendered casestorries/show.html.erb within layouts/application (16.0ms)
Completed 200 OK in 61ms (Views: 23.5ms | ActiveRecord: 1.4ms | Sphinx: 0.0ms)


Started GET "/dk/casestorries/1" for 127.0.0.1 at 2011-04-17 23:10:20 +0200
  Processing by CasestorriesController#show as HTML
  Parameters: {"locale"=>"dk", "id"=>"1"}
  [1m[36mUser Load (0.8ms)[0m  [1mSELECT `users`.* FROM `users` WHERE (`users`.`id` = 1) LIMIT 1[0m
  [1m[35mCasestorry Load (0.5ms)[0m  SELECT `casestorries`.* FROM `casestorries` WHERE (`casestorries`.`id` = 1) LIMIT 1
DEPRECATION WARNING: <% %> style block helpers are deprecated. Please use <%= %>. (called from _app_views_shared__navigation_html_erb__826833013338909757_2158476740_3995803642467560937 at /Users/synthmax/Dropbox/htxwiki/app/views/shared/_navigation.html.erb:42)
Rendered shared/_navigation.html.erb (3.5ms)
Rendered shared/_topbanner.erb (0.2ms)
Rendered shared/_footer.html.erb (0.3ms)
Rendered casestorries/show.html.erb within layouts/application (16.0ms)
Completed 200 OK in 61ms (Views: 23.2ms | ActiveRecord: 1.4ms | Sphinx: 0.0ms)


Started GET "/dk/casestorries/1/edit" for 127.0.0.1 at 2011-04-17 23:10:40 +0200
  Processing by CasestorriesController#edit as HTML
  Parameters: {"locale"=>"dk", "id"=>"1"}
  [1m[36mUser Load (0.8ms)[0m  [1mSELECT `users`.* FROM `users` WHERE (`users`.`id` = 1) LIMIT 1[0m
  [1m[35mCasestorry Load (0.6ms)[0m  SELECT `casestorries`.* FROM `casestorries` WHERE (`casestorries`.`id` = 1) LIMIT 1
Rendered casestorries/_form.html.erb (9.8ms)
DEPRECATION WARNING: <% %> style block helpers are deprecated. Please use <%= %>. (called from _app_views_shared__navigation_html_erb__826833013338909757_2186354040_3995803642467560937 at /Users/synthmax/Dropbox/htxwiki/app/views/shared/_navigation.html.erb:42)
Rendered shared/_navigation.html.erb (3.0ms)
Rendered shared/_topbanner.erb (0.2ms)
Rendered shared/_footer.html.erb (0.2ms)
Rendered casestorries/edit.html.erb within layouts/application (19.3ms)
Completed 200 OK in 64ms (Views: 27.0ms | ActiveRecord: 1.5ms | Sphinx: 0.0ms)


Started POST "/dk/casestorries/1" for 127.0.0.1 at 2011-04-17 23:10:57 +0200
  Processing by CasestorriesController#update as JS
  Parameters: {"Filename"=>"254_Hotel_Saxildhus_Kolding.jpg", "authenticity_token"=>"rO/4K/zairdZ+7LOBoJ7p9TZWy5Qe0uArFBklBTndQY=", "casestorry"=>{"title"=>"First", "category"=>"graphics", "image"=>#<ActionDispatch::Http::UploadedFile:0x000001017ea098 @original_filename="254_Hotel_Saxildhus_Kolding.jpg", @content_type="application/octet-stream", @headers="Content-Disposition: form-data; name=\"casestorry[image]\"; filename=\"254_Hotel_Saxildhus_Kolding.jpg\"\r\nContent-Type: application/octet-stream\r\n", @tempfile=#<File:/var/folders/9D/9DqRwQuWH3yKQPppxNiM2++++TI/-Tmp-/RackMultipart20110417-12539-1mz2sq8>>}, "commit"=>"gem", "_template_session"=>"BAh7CUkiEF9jc3JmX3Rva2VuBjoGRUZJIjFyTy80Sy96YWlyZForN0xPQm9KN3A5VFpXeTVRZTB1QXJGQmtsQlRuZFFZPQY7AEZJIgtsb2NhbGUGOwBGSSIHZGsGOwBUSSIZd2FyZGVuLnVzZXIudXNlci5rZXkGOwBUWwdJIglVc2VyBjsARmkGSSIPc2Vzc2lvbl9pZAY7AEYiJWRjYmZmMDY3ODc2MjAwODEyYTdiODc1MjA2N2IxNDI2--15ee41ee19bbfde5f7a03f5159cccbb411ef5766", "folder"=>"/dk/casestorries/1/", "utf8"=>"✓", "_http_accept"=>"application/javascript", "Upload"=>"Submit Query", "locale"=>"dk", "id"=>"1"}
  [1m[36mUser Load (0.7ms)[0m  [1mSELECT `users`.* FROM `users` WHERE (`users`.`id` = 1) LIMIT 1[0m
  [1m[35mCasestorry Load (0.5ms)[0m  SELECT `casestorries`.* FROM `casestorries` WHERE (`casestorries`.`id` = 1) LIMIT 1
  [1m[36mCACHE (0.0ms)[0m  [1mSELECT `casestorries`.* FROM `casestorries` WHERE (`casestorries`.`id` = 1) LIMIT 1[0m
  [1m[35mSQL (0.2ms)[0m  BEGIN
[paperclip] identify -format %wx%h '/var/folders/9D/9DqRwQuWH3yKQPppxNiM2++++TI/-Tmp-/stream20110417-12539-vkna2g.jpg[0]' 2>/dev/null
[paperclip] convert '/var/folders/9D/9DqRwQuWH3yKQPppxNiM2++++TI/-Tmp-/stream20110417-12539-vkna2g.jpg[0]' -resize "32x32" '/var/folders/9D/9DqRwQuWH3yKQPppxNiM2++++TI/-Tmp-/stream20110417-12539-vkna2g20110417-12539-1df3hii' 2>/dev/null
[paperclip] identify -format %wx%h '/var/folders/9D/9DqRwQuWH3yKQPppxNiM2++++TI/-Tmp-/stream20110417-12539-vkna2g.jpg[0]' 2>/dev/null
[paperclip] convert '/var/folders/9D/9DqRwQuWH3yKQPppxNiM2++++TI/-Tmp-/stream20110417-12539-vkna2g.jpg[0]' -resize "238x146" '/var/folders/9D/9DqRwQuWH3yKQPppxNiM2++++TI/-Tmp-/stream20110417-12539-vkna2g20110417-12539-fhtnf' 2>/dev/null
  [1m[36mSQL (0.6ms)[0m  [1mROLLBACK[0m
  [1m[35mSQL (0.1ms)[0m  BEGIN
  [1m[36mAREL (0.2ms)[0m  [1mUPDATE `casestorries` SET `title` = 'First', `category` = 'graphics', `image_updated_at` = '2011-04-17 21:10:57', `updated_at` = '2011-04-17 21:10:57' WHERE (`casestorries`.`id` = 1)[0m
[paperclip] Saving attachments.
[paperclip] deleting /Users/synthmax/Dropbox/htxwiki/public/system/images/1/original/254_Hotel_Saxildhus_Kolding.jpg
[paperclip] deleting /Users/synthmax/Dropbox/htxwiki/public/system/images/1/mini/254_Hotel_Saxildhus_Kolding.jpg
[paperclip] deleting /Users/synthmax/Dropbox/htxwiki/public/system/images/1/thumbnail/254_Hotel_Saxildhus_Kolding.jpg
[paperclip] saving /Users/synthmax/Dropbox/htxwiki/public/system/images/1/original/254_Hotel_Saxildhus_Kolding.jpg
[paperclip] saving /Users/synthmax/Dropbox/htxwiki/public/system/images/1/mini/254_Hotel_Saxildhus_Kolding.jpg
[paperclip] saving /Users/synthmax/Dropbox/htxwiki/public/system/images/1/thumbnail/254_Hotel_Saxildhus_Kolding.jpg
  [1m[35mSQL (0.8ms)[0m  COMMIT
  [1m[36mSQL (0.4ms)[0m  [1mBEGIN[0m
[paperclip] identify -format %wx%h '/var/folders/9D/9DqRwQuWH3yKQPppxNiM2++++TI/-Tmp-/stream20110417-12539-1mee82m.jpg[0]' 2>/dev/null
[paperclip] convert '/var/folders/9D/9DqRwQuWH3yKQPppxNiM2++++TI/-Tmp-/stream20110417-12539-1mee82m.jpg[0]' -resize "32x32" '/var/folders/9D/9DqRwQuWH3yKQPppxNiM2++++TI/-Tmp-/stream20110417-12539-1mee82m20110417-12539-yqm51c' 2>/dev/null
[paperclip] identify -format %wx%h '/var/folders/9D/9DqRwQuWH3yKQPppxNiM2++++TI/-Tmp-/stream20110417-12539-1mee82m.jpg[0]' 2>/dev/null
[paperclip] convert '/var/folders/9D/9DqRwQuWH3yKQPppxNiM2++++TI/-Tmp-/stream20110417-12539-1mee82m.jpg[0]' -resize "238x146" '/var/folders/9D/9DqRwQuWH3yKQPppxNiM2++++TI/-Tmp-/stream20110417-12539-1mee82m20110417-12539-1tvs7s4' 2>/dev/null
  [1m[35mSQL (0.5ms)[0m  ROLLBACK
Rendered casestorries/update.js.erb (1.5ms)
Completed 200 OK in 333ms (Views: 17.7ms | ActiveRecord: 3.9ms | Sphinx: 0.0ms)


Started GET "/dk/casestorries/1" for 127.0.0.1 at 2011-04-17 23:10:58 +0200
  Processing by CasestorriesController#show as HTML
  Parameters: {"locale"=>"dk", "id"=>"1"}
  [1m[36mUser Load (2.4ms)[0m  [1mSELECT `users`.* FROM `users` WHERE (`users`.`id` = 1) LIMIT 1[0m
  [1m[35mCasestorry Load (0.9ms)[0m  SELECT `casestorries`.* FROM `casestorries` WHERE (`casestorries`.`id` = 1) LIMIT 1
DEPRECATION WARNING: <% %> style block helpers are deprecated. Please use <%= %>. (called from _app_views_shared__navigation_html_erb__826833013338909757_2167093980_3995803642467560937 at /Users/synthmax/Dropbox/htxwiki/app/views/shared/_navigation.html.erb:42)
Rendered shared/_navigation.html.erb (4.3ms)
Rendered shared/_topbanner.erb (0.2ms)
Rendered shared/_footer.html.erb (0.3ms)
Rendered casestorries/show.html.erb within layouts/application (20.3ms)
Completed 200 OK in 84ms (Views: 29.8ms | ActiveRecord: 3.3ms | Sphinx: 0.0ms)


Started GET "/dk/casestorries/1" for 127.0.0.1 at 2011-04-17 23:14:09 +0200
  Processing by CasestorriesController#show as HTML
  Parameters: {"locale"=>"dk", "id"=>"1"}
  [1m[36mUser Load (1.2ms)[0m  [1mSELECT `users`.* FROM `users` WHERE (`users`.`id` = 1) LIMIT 1[0m
  [1m[35mCasestorry Load (0.7ms)[0m  SELECT `casestorries`.* FROM `casestorries` WHERE (`casestorries`.`id` = 1) LIMIT 1
DEPRECATION WARNING: <% %> style block helpers are deprecated. Please use <%= %>. (called from _app_views_shared__navigation_html_erb__826833013338909757_2157818000_3995803642467560937 at /Users/synthmax/Dropbox/htxwiki/app/views/shared/_navigation.html.erb:42)
Rendered shared/_navigation.html.erb (3.6ms)
Rendered shared/_topbanner.erb (0.2ms)
Rendered shared/_footer.html.erb (0.3ms)
Rendered casestorries/show.html.erb within layouts/application (18.7ms)
Completed 200 OK in 67ms (Views: 26.1ms | ActiveRecord: 1.9ms | Sphinx: 0.0ms)


Started GET "/dk/casestorries/1/edit" for 127.0.0.1 at 2011-04-17 23:14:32 +0200
  Processing by CasestorriesController#edit as HTML
  Parameters: {"locale"=>"dk", "id"=>"1"}
  [1m[36mUser Load (1.1ms)[0m  [1mSELECT `users`.* FROM `users` WHERE (`users`.`id` = 1) LIMIT 1[0m
  [1m[35mCasestorry Load (1.1ms)[0m  SELECT `casestorries`.* FROM `casestorries` WHERE (`casestorries`.`id` = 1) LIMIT 1
Rendered casestorries/_form.html.erb (9.5ms)
DEPRECATION WARNING: <% %> style block helpers are deprecated. Please use <%= %>. (called from _app_views_shared__navigation_html_erb__826833013338909757_2167082200_3995803642467560937 at /Users/synthmax/Dropbox/htxwiki/app/views/shared/_navigation.html.erb:42)
Rendered shared/_navigation.html.erb (3.0ms)
Rendered shared/_topbanner.erb (0.2ms)
Rendered shared/_footer.html.erb (0.2ms)
Rendered casestorries/edit.html.erb within layouts/application (18.8ms)
Completed 200 OK in 66ms (Views: 26.5ms | ActiveRecord: 2.2ms | Sphinx: 0.0ms)


Started POST "/dk/casestorries/1" for 127.0.0.1 at 2011-04-17 23:14:38 +0200
  Processing by CasestorriesController#update as HTML
  Parameters: {"utf8"=>"✓", "authenticity_token"=>"rO/4K/zairdZ+7LOBoJ7p9TZWy5Qe0uArFBklBTndQY=", "casestorry"=>{"title"=>"First", "body"=>"asdfasdf", "category"=>"graphics", "image"=>""}, "commit"=>"gem", "locale"=>"dk", "id"=>"1"}
  [1m[36mUser Load (0.9ms)[0m  [1mSELECT `users`.* FROM `users` WHERE (`users`.`id` = 1) LIMIT 1[0m
  [1m[35mCasestorry Load (1.4ms)[0m  SELECT `casestorries`.* FROM `casestorries` WHERE (`casestorries`.`id` = 1) LIMIT 1
  [1m[36mCACHE (0.0ms)[0m  [1mSELECT `casestorries`.* FROM `casestorries` WHERE (`casestorries`.`id` = 1) LIMIT 1[0m
  [1m[35mSQL (0.2ms)[0m  BEGIN
  [1m[36mAREL (0.3ms)[0m  [1mUPDATE `casestorries` SET `body` = 'asdfasdf', `updated_at` = '2011-04-17 21:14:38' WHERE (`casestorries`.`id` = 1)[0m
[paperclip] Saving attachments.
  [1m[35mSQL (20.8ms)[0m  COMMIT
  [1m[36mSQL (0.1ms)[0m  [1mBEGIN[0m
[paperclip] Saving attachments.
  [1m[35mSQL (0.1ms)[0m  COMMIT
  [1m[36mSQL (0.1ms)[0m  [1mBEGIN[0m
[paperclip] Saving attachments.
  [1m[35mSQL (0.1ms)[0m  COMMIT
Redirected to http://localhost:3000/dk/casestorries/1
Completed 302 Found in 87ms


Started GET "/dk/casestorries/1" for 127.0.0.1 at 2011-04-17 23:14:38 +0200
  Processing by CasestorriesController#show as HTML
  Parameters: {"locale"=>"dk", "id"=>"1"}
  [1m[36mUser Load (0.9ms)[0m  [1mSELECT `users`.* FROM `users` WHERE (`users`.`id` = 1) LIMIT 1[0m
  [1m[35mCasestorry Load (0.6ms)[0m  SELECT `casestorries`.* FROM `casestorries` WHERE (`casestorries`.`id` = 1) LIMIT 1
DEPRECATION WARNING: <% %> style block helpers are deprecated. Please use <%= %>. (called from _app_views_shared__navigation_html_erb__826833013338909757_2235609580_3995803642467560937 at /Users/synthmax/Dropbox/htxwiki/app/views/shared/_navigation.html.erb:42)
Rendered shared/_navigation.html.erb (3.4ms)
Rendered shared/_topbanner.erb (0.2ms)
Rendered shared/_footer.html.erb (0.2ms)
Rendered casestorries/show.html.erb within layouts/application (16.8ms)
Completed 200 OK in 62ms (Views: 24.7ms | ActiveRecord: 1.5ms | Sphinx: 0.0ms)


Started GET "/dk/casestorries" for 127.0.0.1 at 2011-04-17 23:16:38 +0200
  Processing by CasestorriesController#index as HTML
  Parameters: {"locale"=>"dk"}
  [1m[36mUser Load (0.9ms)[0m  [1mSELECT `users`.* FROM `users` WHERE (`users`.`id` = 1) LIMIT 1[0m
  [1m[35mCasestorry Load (0.7ms)[0m  SELECT `casestorries`.* FROM `casestorries`
Rendered casestorries/index.html.erb within layouts/application (1.8ms)
Completed   in 44ms

ActionView::Template::Error (undefined method `image' for nil:NilClass):
    7: 		
    8: 		<div class='grid_3 alpha'>
    9: 	
    10: 		<%= image_tag @casestorry.image.url(:thumbnail) %><br/>sd
    11: 		<%= casestorry.title %>
    12: 		<%= casestorry.body %>
    13: 		<%= casestorry.category %>
  app/views/casestorries/index.html.erb:10:in `block in _app_views_casestorries_index_html_erb___4072156923228149930_2159603100__225648027823609047'
  app/views/casestorries/index.html.erb:6:in `_app_views_casestorries_index_html_erb___4072156923228149930_2159603100__225648027823609047'
  app/middleware/flash_session_cookie_middleware.rb:16:in `call'

Rendered /Users/synthmax/.rvm/gems/ruby-1.9.2-rc2@gopublish/gems/actionpack-3.0.3/lib/action_dispatch/middleware/templates/rescues/_trace.erb (0.8ms)
Rendered /Users/synthmax/.rvm/gems/ruby-1.9.2-rc2@gopublish/gems/actionpack-3.0.3/lib/action_dispatch/middleware/templates/rescues/_request_and_response.erb (633.6ms)
Rendered /Users/synthmax/.rvm/gems/ruby-1.9.2-rc2@gopublish/gems/actionpack-3.0.3/lib/action_dispatch/middleware/templates/rescues/template_error.erb within rescues/layout (641.8ms)


Started GET "/dk/casestorries" for 127.0.0.1 at 2011-04-17 23:16:52 +0200
  Processing by CasestorriesController#index as HTML
  Parameters: {"locale"=>"dk"}
  [1m[36mUser Load (0.9ms)[0m  [1mSELECT `users`.* FROM `users` WHERE (`users`.`id` = 1) LIMIT 1[0m
  [1m[35mCasestorry Load (0.9ms)[0m  SELECT `casestorries`.* FROM `casestorries`
DEPRECATION WARNING: <% %> style block helpers are deprecated. Please use <%= %>. (called from _app_views_shared__navigation_html_erb__826833013338909757_2236046700_3995803642467560937 at /Users/synthmax/Dropbox/htxwiki/app/views/shared/_navigation.html.erb:42)
Rendered shared/_navigation.html.erb (3.2ms)
Rendered shared/_topbanner.erb (0.2ms)
Rendered shared/_footer.html.erb (0.3ms)
Rendered casestorries/index.html.erb within layouts/application (19.2ms)
Completed 200 OK in 89ms (Views: 25.5ms | ActiveRecord: 2.5ms | Sphinx: 0.0ms)


Started GET "/dk/casestorries/1/edit" for 127.0.0.1 at 2011-04-17 23:17:40 +0200
  Processing by CasestorriesController#edit as HTML
  Parameters: {"locale"=>"dk", "id"=>"1"}
  [1m[36mUser Load (0.9ms)[0m  [1mSELECT `users`.* FROM `users` WHERE (`users`.`id` = 1) LIMIT 1[0m
  [1m[35mCasestorry Load (0.6ms)[0m  SELECT `casestorries`.* FROM `casestorries` WHERE (`casestorries`.`id` = 1) LIMIT 1
Rendered casestorries/_form.html.erb (9.3ms)
DEPRECATION WARNING: <% %> style block helpers are deprecated. Please use <%= %>. (called from _app_views_shared__navigation_html_erb__826833013338909757_2159958140_3995803642467560937 at /Users/synthmax/Dropbox/htxwiki/app/views/shared/_navigation.html.erb:42)
Rendered shared/_navigation.html.erb (3.3ms)
Rendered shared/_topbanner.erb (0.3ms)
Rendered shared/_footer.html.erb (0.3ms)
Rendered casestorries/edit.html.erb within layouts/application (19.5ms)
Completed 200 OK in 63ms (Views: 27.4ms | ActiveRecord: 1.4ms | Sphinx: 0.0ms)


Started POST "/dk/casestorries/1" for 127.0.0.1 at 2011-04-17 23:17:47 +0200
  Processing by CasestorriesController#update as JS
  Parameters: {"Filename"=>"1919_Ford_Model_T_Highboy_Coupe.jpg", "folder"=>"/dk/casestorries/1/", "_http_accept"=>"application/javascript", "authenticity_token"=>"rO/4K/zairdZ+7LOBoJ7p9TZWy5Qe0uArFBklBTndQY=", "utf8"=>"✓", "casestorry"=>{"title"=>"First", "category"=>"graphics", "image"=>#<ActionDispatch::Http::UploadedFile:0x00000101642588 @original_filename="1919_Ford_Model_T_Highboy_Coupe.jpg", @content_type="application/octet-stream", @headers="Content-Disposition: form-data; name=\"casestorry[image]\"; filename=\"1919_Ford_Model_T_Highboy_Coupe.jpg\"\r\nContent-Type: application/octet-stream\r\n", @tempfile=#<File:/var/folders/9D/9DqRwQuWH3yKQPppxNiM2++++TI/-Tmp-/RackMultipart20110417-12539-19bs1p6>>}, "commit"=>"gem", "_template_session"=>"BAh7CUkiEF9jc3JmX3Rva2VuBjoGRUZJIjFyTy80Sy96YWlyZForN0xPQm9KN3A5VFpXeTVRZTB1QXJGQmtsQlRuZFFZPQY7AEZJIgtsb2NhbGUGOwBGSSIHZGsGOwBUSSIZd2FyZGVuLnVzZXIudXNlci5rZXkGOwBUWwdJIglVc2VyBjsARmkGSSIPc2Vzc2lvbl9pZAY7AEYiJWRjYmZmMDY3ODc2MjAwODEyYTdiODc1MjA2N2IxNDI2--15ee41ee19bbfde5f7a03f5159cccbb411ef5766", "Upload"=>"Submit Query", "locale"=>"dk", "id"=>"1"}
  [1m[36mUser Load (1.0ms)[0m  [1mSELECT `users`.* FROM `users` WHERE (`users`.`id` = 1) LIMIT 1[0m
  [1m[35mCasestorry Load (0.7ms)[0m  SELECT `casestorries`.* FROM `casestorries` WHERE (`casestorries`.`id` = 1) LIMIT 1
  [1m[36mCACHE (0.0ms)[0m  [1mSELECT `casestorries`.* FROM `casestorries` WHERE (`casestorries`.`id` = 1) LIMIT 1[0m
  [1m[35mSQL (0.2ms)[0m  BEGIN
[paperclip] identify -format %wx%h '/var/folders/9D/9DqRwQuWH3yKQPppxNiM2++++TI/-Tmp-/stream20110417-12539-axdolx.jpg[0]' 2>/dev/null
[paperclip] convert '/var/folders/9D/9DqRwQuWH3yKQPppxNiM2++++TI/-Tmp-/stream20110417-12539-axdolx.jpg[0]' -resize "32x32" '/var/folders/9D/9DqRwQuWH3yKQPppxNiM2++++TI/-Tmp-/stream20110417-12539-axdolx20110417-12539-1i8xvxi' 2>/dev/null
[paperclip] identify -format %wx%h '/var/folders/9D/9DqRwQuWH3yKQPppxNiM2++++TI/-Tmp-/stream20110417-12539-axdolx.jpg[0]' 2>/dev/null
[paperclip] convert '/var/folders/9D/9DqRwQuWH3yKQPppxNiM2++++TI/-Tmp-/stream20110417-12539-axdolx.jpg[0]' -resize "238x146" '/var/folders/9D/9DqRwQuWH3yKQPppxNiM2++++TI/-Tmp-/stream20110417-12539-axdolx20110417-12539-1q6jzu8' 2>/dev/null
  [1m[36mSQL (1.0ms)[0m  [1mROLLBACK[0m
  [1m[35mSQL (0.1ms)[0m  BEGIN
  [1m[36mAREL (0.3ms)[0m  [1mUPDATE `casestorries` SET `image_file_name` = '1919_Ford_Model_T_Highboy_Coupe.jpg', `image_file_size` = 195881, `image_updated_at` = '2011-04-17 21:17:47', `updated_at` = '2011-04-17 21:17:47' WHERE (`casestorries`.`id` = 1)[0m
[paperclip] Saving attachments.
[paperclip] deleting /Users/synthmax/Dropbox/htxwiki/public/system/images/1/original/254_Hotel_Saxildhus_Kolding.jpg
[paperclip] deleting /Users/synthmax/Dropbox/htxwiki/public/system/images/1/mini/254_Hotel_Saxildhus_Kolding.jpg
[paperclip] deleting /Users/synthmax/Dropbox/htxwiki/public/system/images/1/thumbnail/254_Hotel_Saxildhus_Kolding.jpg
[paperclip] saving /Users/synthmax/Dropbox/htxwiki/public/system/images/1/original/1919_Ford_Model_T_Highboy_Coupe.jpg
[paperclip] saving /Users/synthmax/Dropbox/htxwiki/public/system/images/1/mini/1919_Ford_Model_T_Highboy_Coupe.jpg
[paperclip] saving /Users/synthmax/Dropbox/htxwiki/public/system/images/1/thumbnail/1919_Ford_Model_T_Highboy_Coupe.jpg
  [1m[35mSQL (0.3ms)[0m  COMMIT
  [1m[36mSQL (0.1ms)[0m  [1mBEGIN[0m
[paperclip] identify -format %wx%h '/var/folders/9D/9DqRwQuWH3yKQPppxNiM2++++TI/-Tmp-/stream20110417-12539-sbcel2.jpg[0]' 2>/dev/null
[paperclip] convert '/var/folders/9D/9DqRwQuWH3yKQPppxNiM2++++TI/-Tmp-/stream20110417-12539-sbcel2.jpg[0]' -resize "32x32" '/var/folders/9D/9DqRwQuWH3yKQPppxNiM2++++TI/-Tmp-/stream20110417-12539-sbcel220110417-12539-1ostjc' 2>/dev/null
[paperclip] identify -format %wx%h '/var/folders/9D/9DqRwQuWH3yKQPppxNiM2++++TI/-Tmp-/stream20110417-12539-sbcel2.jpg[0]' 2>/dev/null
[paperclip] convert '/var/folders/9D/9DqRwQuWH3yKQPppxNiM2++++TI/-Tmp-/stream20110417-12539-sbcel2.jpg[0]' -resize "238x146" '/var/folders/9D/9DqRwQuWH3yKQPppxNiM2++++TI/-Tmp-/stream20110417-12539-sbcel220110417-12539-hfihy2' 2>/dev/null
  [1m[35mSQL (0.5ms)[0m  ROLLBACK
Rendered casestorries/update.js.erb (1.3ms)
Completed 200 OK in 453ms (Views: 17.7ms | ActiveRecord: 4.3ms | Sphinx: 0.0ms)


Started GET "/dk/casestorries/1" for 127.0.0.1 at 2011-04-17 23:17:47 +0200
  Processing by CasestorriesController#show as HTML
  Parameters: {"locale"=>"dk", "id"=>"1"}
  [1m[36mUser Load (0.9ms)[0m  [1mSELECT `users`.* FROM `users` WHERE (`users`.`id` = 1) LIMIT 1[0m
  [1m[35mCasestorry Load (0.6ms)[0m  SELECT `casestorries`.* FROM `casestorries` WHERE (`casestorries`.`id` = 1) LIMIT 1
DEPRECATION WARNING: <% %> style block helpers are deprecated. Please use <%= %>. (called from _app_views_shared__navigation_html_erb__826833013338909757_2186882700_3995803642467560937 at /Users/synthmax/Dropbox/htxwiki/app/views/shared/_navigation.html.erb:42)
Rendered shared/_navigation.html.erb (3.9ms)
Rendered shared/_topbanner.erb (0.2ms)
Rendered shared/_footer.html.erb (0.3ms)
Rendered casestorries/show.html.erb within layouts/application (18.7ms)
Completed 200 OK in 67ms (Views: 26.4ms | ActiveRecord: 1.5ms | Sphinx: 0.0ms)


Started GET "/dk/casestorries" for 127.0.0.1 at 2011-04-17 23:18:14 +0200
  Processing by CasestorriesController#index as HTML
  Parameters: {"locale"=>"dk"}
  [1m[36mUser Load (1.0ms)[0m  [1mSELECT `users`.* FROM `users` WHERE (`users`.`id` = 1) LIMIT 1[0m
  [1m[35mCasestorry Load (0.6ms)[0m  SELECT `casestorries`.* FROM `casestorries`
DEPRECATION WARNING: <% %> style block helpers are deprecated. Please use <%= %>. (called from _app_views_shared__navigation_html_erb__826833013338909757_2159520960_3995803642467560937 at /Users/synthmax/Dropbox/htxwiki/app/views/shared/_navigation.html.erb:42)
Rendered shared/_navigation.html.erb (3.3ms)
Rendered shared/_topbanner.erb (0.2ms)
Rendered shared/_footer.html.erb (0.3ms)
Rendered casestorries/index.html.erb within layouts/application (19.8ms)
Completed 200 OK in 65ms (Views: 26.6ms | ActiveRecord: 1.7ms | Sphinx: 0.0ms)
DEPRECATION WARNING: Use toplevel init.rb; rails/init.rb is deprecated: /Users/synthmax/Dropbox/htxwiki/vendor/plugins/paperclip/rails/init.rb. (called from <top (required)> at /Users/synthmax/Dropbox/htxwiki/config/environment.rb:5)
  [1m[36mSQL (0.4ms)[0m  [1mSELECT id FROM `casestorries`[0m
  [1m[35mSQL (0.6ms)[0m  SHOW TABLES
  [1m[36mCasestorry Load (0.5ms)[0m  [1mSELECT `casestorries`.* FROM `casestorries` WHERE (`casestorries`.`id` = 1) LIMIT 1[0m
  [1m[35mSQL (0.1ms)[0m  BEGIN
DEPRECATION WARNING: save(false) is deprecated, please give save(:validate => false) instead. (called from block (4 levels) in <top (required)> at /Users/synthmax/Dropbox/htxwiki/vendor/plugins/paperclip/lib/tasks/paperclip.rake:59)
[paperclip] Saving attachments.
  [1m[36mSQL (0.1ms)[0m  [1mCOMMIT[0m
  [1m[35mSQL (0.3ms)[0m  SELECT id FROM `casestorries`
  [1m[36mCasestorry Load (0.5ms)[0m  [1mSELECT `casestorries`.* FROM `casestorries` WHERE (`casestorries`.`id` = 1) LIMIT 1[0m
  [1m[35mSQL (0.1ms)[0m  BEGIN
DEPRECATION WARNING: save(false) is deprecated, please give save(:validate => false) instead. (called from block (4 levels) in <top (required)> at /Users/synthmax/Dropbox/htxwiki/lib/tasks/paperclip_tasks.rake:60)
[paperclip] Saving attachments.
  [1m[36mSQL (0.1ms)[0m  [1mCOMMIT[0m
  [1m[35mSQL (0.2ms)[0m  SELECT id FROM `casestorries`
  [1m[36mCasestorry Load (0.6ms)[0m  [1mSELECT `casestorries`.* FROM `casestorries` WHERE (`casestorries`.`id` = 1) LIMIT 1[0m
[paperclip] identify -format %wx%h '/var/folders/9D/9DqRwQuWH3yKQPppxNiM2++++TI/-Tmp-/paperclip-reprocess20110417-12801-i0899w[0]' 2>/dev/null
[paperclip] convert '/var/folders/9D/9DqRwQuWH3yKQPppxNiM2++++TI/-Tmp-/paperclip-reprocess20110417-12801-i0899w[0]' -resize "32x32" '/var/folders/9D/9DqRwQuWH3yKQPppxNiM2++++TI/-Tmp-/paperclip-reprocess20110417-12801-i0899w20110417-12801-w9p50z' 2>/dev/null
[paperclip] identify -format %wx%h '/var/folders/9D/9DqRwQuWH3yKQPppxNiM2++++TI/-Tmp-/paperclip-reprocess20110417-12801-i0899w[0]' 2>/dev/null
[paperclip] convert '/var/folders/9D/9DqRwQuWH3yKQPppxNiM2++++TI/-Tmp-/paperclip-reprocess20110417-12801-i0899w[0]' -resize "238x146>" '/var/folders/9D/9DqRwQuWH3yKQPppxNiM2++++TI/-Tmp-/paperclip-reprocess20110417-12801-i0899w20110417-12801-10c2dj9' 2>/dev/null
[paperclip] saving /Users/synthmax/Dropbox/htxwiki/public/system/images/1/original/1919_Ford_Model_T_Highboy_Coupe.jpg
[paperclip] saving /Users/synthmax/Dropbox/htxwiki/public/system/images/1/mini/1919_Ford_Model_T_Highboy_Coupe.jpg
[paperclip] saving /Users/synthmax/Dropbox/htxwiki/public/system/images/1/thumbnail/1919_Ford_Model_T_Highboy_Coupe.jpg
  [1m[35mSQL (0.6ms)[0m  SELECT id FROM `casestorries`
  [1m[36mCasestorry Load (1.0ms)[0m  [1mSELECT `casestorries`.* FROM `casestorries` WHERE (`casestorries`.`id` = 1) LIMIT 1[0m
[paperclip] identify -format %wx%h '/var/folders/9D/9DqRwQuWH3yKQPppxNiM2++++TI/-Tmp-/paperclip-reprocess20110417-12801-1oknrwi[0]' 2>/dev/null
[paperclip] convert '/var/folders/9D/9DqRwQuWH3yKQPppxNiM2++++TI/-Tmp-/paperclip-reprocess20110417-12801-1oknrwi[0]' -resize "32x32" '/var/folders/9D/9DqRwQuWH3yKQPppxNiM2++++TI/-Tmp-/paperclip-reprocess20110417-12801-1oknrwi20110417-12801-84nwth' 2>/dev/null
[paperclip] identify -format %wx%h '/var/folders/9D/9DqRwQuWH3yKQPppxNiM2++++TI/-Tmp-/paperclip-reprocess20110417-12801-1oknrwi[0]' 2>/dev/null
[paperclip] convert '/var/folders/9D/9DqRwQuWH3yKQPppxNiM2++++TI/-Tmp-/paperclip-reprocess20110417-12801-1oknrwi[0]' -resize "238x146>" '/var/folders/9D/9DqRwQuWH3yKQPppxNiM2++++TI/-Tmp-/paperclip-reprocess20110417-12801-1oknrwi20110417-12801-3bqti' 2>/dev/null
[paperclip] saving /Users/synthmax/Dropbox/htxwiki/public/system/images/1/original/1919_Ford_Model_T_Highboy_Coupe.jpg
[paperclip] saving /Users/synthmax/Dropbox/htxwiki/public/system/images/1/mini/1919_Ford_Model_T_Highboy_Coupe.jpg
[paperclip] saving /Users/synthmax/Dropbox/htxwiki/public/system/images/1/thumbnail/1919_Ford_Model_T_Highboy_Coupe.jpg


Started GET "/dk/casestorries" for 127.0.0.1 at 2011-04-17 23:18:37 +0200
  Processing by CasestorriesController#index as HTML
  Parameters: {"locale"=>"dk"}
  [1m[36mUser Load (1.2ms)[0m  [1mSELECT `users`.* FROM `users` WHERE (`users`.`id` = 1) LIMIT 1[0m
  [1m[35mCasestorry Load (0.8ms)[0m  SELECT `casestorries`.* FROM `casestorries`
DEPRECATION WARNING: <% %> style block helpers are deprecated. Please use <%= %>. (called from _app_views_shared__navigation_html_erb__826833013338909757_2236327040_3995803642467560937 at /Users/synthmax/Dropbox/htxwiki/app/views/shared/_navigation.html.erb:42)
Rendered shared/_navigation.html.erb (3.2ms)
Rendered shared/_topbanner.erb (0.2ms)
Rendered shared/_footer.html.erb (0.3ms)
Rendered casestorries/index.html.erb within layouts/application (21.1ms)
Completed 200 OK in 122ms (Views: 28.6ms | ActiveRecord: 2.0ms | Sphinx: 0.0ms)
DEPRECATION WARNING: Use toplevel init.rb; rails/init.rb is deprecated: /Users/synthmax/Dropbox/htxwiki/vendor/plugins/paperclip/rails/init.rb. (called from <top (required)> at /Users/synthmax/Dropbox/htxwiki/config/environment.rb:5)
  [1m[36mSQL (0.4ms)[0m  [1mSELECT id FROM `casestorries`[0m
  [1m[35mSQL (0.6ms)[0m  SHOW TABLES
  [1m[36mCasestorry Load (0.6ms)[0m  [1mSELECT `casestorries`.* FROM `casestorries` WHERE (`casestorries`.`id` = 1) LIMIT 1[0m
  [1m[35mSQL (0.2ms)[0m  BEGIN
DEPRECATION WARNING: save(false) is deprecated, please give save(:validate => false) instead. (called from block (4 levels) in <top (required)> at /Users/synthmax/Dropbox/htxwiki/vendor/plugins/paperclip/lib/tasks/paperclip.rake:59)
[paperclip] Saving attachments.
  [1m[36mSQL (0.1ms)[0m  [1mCOMMIT[0m
  [1m[35mSQL (0.2ms)[0m  SELECT id FROM `casestorries`
  [1m[36mCasestorry Load (0.5ms)[0m  [1mSELECT `casestorries`.* FROM `casestorries` WHERE (`casestorries`.`id` = 1) LIMIT 1[0m
  [1m[35mSQL (0.1ms)[0m  BEGIN
DEPRECATION WARNING: save(false) is deprecated, please give save(:validate => false) instead. (called from block (4 levels) in <top (required)> at /Users/synthmax/Dropbox/htxwiki/lib/tasks/paperclip_tasks.rake:60)
[paperclip] Saving attachments.
  [1m[36mSQL (0.1ms)[0m  [1mCOMMIT[0m
  [1m[35mSQL (0.2ms)[0m  SELECT id FROM `casestorries`
  [1m[36mCasestorry Load (0.4ms)[0m  [1mSELECT `casestorries`.* FROM `casestorries` WHERE (`casestorries`.`id` = 1) LIMIT 1[0m
[paperclip] identify -format %wx%h '/var/folders/9D/9DqRwQuWH3yKQPppxNiM2++++TI/-Tmp-/paperclip-reprocess20110417-12828-jint8a[0]' 2>/dev/null
[paperclip] convert '/var/folders/9D/9DqRwQuWH3yKQPppxNiM2++++TI/-Tmp-/paperclip-reprocess20110417-12828-jint8a[0]' -resize "32x32" '/var/folders/9D/9DqRwQuWH3yKQPppxNiM2++++TI/-Tmp-/paperclip-reprocess20110417-12828-jint8a20110417-12828-7sir39' 2>/dev/null
[paperclip] identify -format %wx%h '/var/folders/9D/9DqRwQuWH3yKQPppxNiM2++++TI/-Tmp-/paperclip-reprocess20110417-12828-jint8a[0]' 2>/dev/null
[paperclip] convert '/var/folders/9D/9DqRwQuWH3yKQPppxNiM2++++TI/-Tmp-/paperclip-reprocess20110417-12828-jint8a[0]' -resize "238x" -crop "238x146+0+30" +repage '/var/folders/9D/9DqRwQuWH3yKQPppxNiM2++++TI/-Tmp-/paperclip-reprocess20110417-12828-jint8a20110417-12828-10o7juh' 2>/dev/null
[paperclip] saving /Users/synthmax/Dropbox/htxwiki/public/system/images/1/original/1919_Ford_Model_T_Highboy_Coupe.jpg
[paperclip] saving /Users/synthmax/Dropbox/htxwiki/public/system/images/1/mini/1919_Ford_Model_T_Highboy_Coupe.jpg
[paperclip] saving /Users/synthmax/Dropbox/htxwiki/public/system/images/1/thumbnail/1919_Ford_Model_T_Highboy_Coupe.jpg
  [1m[35mSQL (0.6ms)[0m  SELECT id FROM `casestorries`
  [1m[36mCasestorry Load (0.6ms)[0m  [1mSELECT `casestorries`.* FROM `casestorries` WHERE (`casestorries`.`id` = 1) LIMIT 1[0m
[paperclip] identify -format %wx%h '/var/folders/9D/9DqRwQuWH3yKQPppxNiM2++++TI/-Tmp-/paperclip-reprocess20110417-12828-17qtudu[0]' 2>/dev/null
[paperclip] convert '/var/folders/9D/9DqRwQuWH3yKQPppxNiM2++++TI/-Tmp-/paperclip-reprocess20110417-12828-17qtudu[0]' -resize "32x32" '/var/folders/9D/9DqRwQuWH3yKQPppxNiM2++++TI/-Tmp-/paperclip-reprocess20110417-12828-17qtudu20110417-12828-kvvwqb' 2>/dev/null
[paperclip] identify -format %wx%h '/var/folders/9D/9DqRwQuWH3yKQPppxNiM2++++TI/-Tmp-/paperclip-reprocess20110417-12828-17qtudu[0]' 2>/dev/null
[paperclip] convert '/var/folders/9D/9DqRwQuWH3yKQPppxNiM2++++TI/-Tmp-/paperclip-reprocess20110417-12828-17qtudu[0]' -resize "238x" -crop "238x146+0+30" +repage '/var/folders/9D/9DqRwQuWH3yKQPppxNiM2++++TI/-Tmp-/paperclip-reprocess20110417-12828-17qtudu20110417-12828-1acjg7d' 2>/dev/null
[paperclip] saving /Users/synthmax/Dropbox/htxwiki/public/system/images/1/original/1919_Ford_Model_T_Highboy_Coupe.jpg
[paperclip] saving /Users/synthmax/Dropbox/htxwiki/public/system/images/1/mini/1919_Ford_Model_T_Highboy_Coupe.jpg
[paperclip] saving /Users/synthmax/Dropbox/htxwiki/public/system/images/1/thumbnail/1919_Ford_Model_T_Highboy_Coupe.jpg


Started GET "/dk/casestorries" for 127.0.0.1 at 2011-04-17 23:19:06 +0200
  Processing by CasestorriesController#index as HTML
  Parameters: {"locale"=>"dk"}
  [1m[36mUser Load (0.9ms)[0m  [1mSELECT `users`.* FROM `users` WHERE (`users`.`id` = 1) LIMIT 1[0m
  [1m[35mCasestorry Load (0.6ms)[0m  SELECT `casestorries`.* FROM `casestorries`
DEPRECATION WARNING: <% %> style block helpers are deprecated. Please use <%= %>. (called from _app_views_shared__navigation_html_erb__826833013338909757_2178111120_3995803642467560937 at /Users/synthmax/Dropbox/htxwiki/app/views/shared/_navigation.html.erb:42)
Rendered shared/_navigation.html.erb (3.2ms)
Rendered shared/_topbanner.erb (0.2ms)
Rendered shared/_footer.html.erb (0.2ms)
Rendered casestorries/index.html.erb within layouts/application (18.6ms)
Completed 200 OK in 69ms (Views: 25.2ms | ActiveRecord: 1.6ms | Sphinx: 0.0ms)


Started GET "/dk/admin" for 127.0.0.1 at 2011-04-17 23:19:38 +0200
  Processing by AdminController#index as HTML
  Parameters: {"locale"=>"dk"}
  [1m[36mUser Load (0.9ms)[0m  [1mSELECT `users`.* FROM `users` WHERE (`users`.`id` = 1) LIMIT 1[0m
DEPRECATION WARNING: <% %> style block helpers are deprecated. Please use <%= %>. (called from _app_views_shared__navigation_html_erb__826833013338909757_2158937520_3995803642467560937 at /Users/synthmax/Dropbox/htxwiki/app/views/shared/_navigation.html.erb:42)
Rendered shared/_navigation.html.erb (3.0ms)
Rendered shared/_footer.html.erb (0.3ms)
Rendered admin/index.html.erb within layouts/admin (7.8ms)
Completed 200 OK in 39ms (Views: 10.6ms | ActiveRecord: 0.9ms | Sphinx: 0.0ms)


Started GET "/dk/casestorries" for 127.0.0.1 at 2011-04-17 23:19:41 +0200
  Processing by CasestorriesController#index as HTML
  Parameters: {"locale"=>"dk"}
  [1m[35mUser Load (0.8ms)[0m  SELECT `users`.* FROM `users` WHERE (`users`.`id` = 1) LIMIT 1
  [1m[36mCasestorry Load (0.8ms)[0m  [1mSELECT `casestorries`.* FROM `casestorries`[0m
DEPRECATION WARNING: <% %> style block helpers are deprecated. Please use <%= %>. (called from _app_views_shared__navigation_html_erb__826833013338909757_2236149680_3995803642467560937 at /Users/synthmax/Dropbox/htxwiki/app/views/shared/_navigation.html.erb:42)
Rendered shared/_navigation.html.erb (2.9ms)
Rendered shared/_topbanner.erb (0.2ms)
Rendered shared/_footer.html.erb (0.2ms)
Rendered casestorries/index.html.erb within layouts/application (18.3ms)
Completed 200 OK in 102ms (Views: 24.8ms | ActiveRecord: 1.5ms | Sphinx: 0.0ms)


Started GET "/dk/casestorries/1/edit" for 127.0.0.1 at 2011-04-17 23:19:44 +0200
  Processing by CasestorriesController#edit as HTML
  Parameters: {"locale"=>"dk", "id"=>"1"}
  [1m[35mUser Load (0.9ms)[0m  SELECT `users`.* FROM `users` WHERE (`users`.`id` = 1) LIMIT 1
  [1m[36mCasestorry Load (0.5ms)[0m  [1mSELECT `casestorries`.* FROM `casestorries` WHERE (`casestorries`.`id` = 1) LIMIT 1[0m
Rendered casestorries/_form.html.erb (9.5ms)
DEPRECATION WARNING: <% %> style block helpers are deprecated. Please use <%= %>. (called from _app_views_shared__navigation_html_erb__826833013338909757_2186377080_3995803642467560937 at /Users/synthmax/Dropbox/htxwiki/app/views/shared/_navigation.html.erb:42)
Rendered shared/_navigation.html.erb (2.9ms)
Rendered shared/_topbanner.erb (0.2ms)
Rendered shared/_footer.html.erb (0.2ms)
Rendered casestorries/edit.html.erb within layouts/application (18.6ms)
Completed 200 OK in 63ms (Views: 26.0ms | ActiveRecord: 1.4ms | Sphinx: 0.0ms)


Started GET "/?locale=dk" for 127.0.0.1 at 2011-04-17 23:19:51 +0200
  Processing by HomeController#index as HTML
  Parameters: {"locale"=>"dk"}
  [1m[35mUser Load (1.1ms)[0m  SELECT `users`.* FROM `users` WHERE (`users`.`id` = 1) LIMIT 1
  [1m[36mIllustration Load (0.5ms)[0m  [1mSELECT `illustrations`.* FROM `illustrations` WHERE (`illustrations`.`title` = 'logo') LIMIT 1[0m
  [1m[35mPage Load (0.4ms)[0m  SELECT `pages`.* FROM `pages` WHERE (`pages`.`identity` = 'welcome_dk ') LIMIT 1
DEPRECATION WARNING: <% %> style block helpers are deprecated. Please use <%= %>. (called from _app_views_shared__navigation_html_erb__826833013338909757_2157530080_3995803642467560937 at /Users/synthmax/Dropbox/htxwiki/app/views/shared/_navigation.html.erb:42)
Rendered shared/_navigation.html.erb (3.0ms)
Rendered shared/_topbanner.erb (0.2ms)
Rendered shared/_footer.html.erb (41.2ms)
Rendered home/index.html.erb within layouts/application (61.1ms)
Completed 200 OK in 130ms (Views: 65.9ms | ActiveRecord: 2.1ms | Sphinx: 0.0ms)


Started GET "/images/fallback/default_illustration_original.gif" for 127.0.0.1 at 2011-04-17 23:19:51 +0200

ActionController::RoutingError (No route matches "/images/fallback/default_illustration_original.gif"):
  

Rendered /Users/synthmax/.rvm/gems/ruby-1.9.2-rc2@gopublish/gems/actionpack-3.0.3/lib/action_dispatch/middleware/templates/rescues/routing_error.erb within rescues/layout (0.7ms)


Started GET "/images/fallback/default_illustration_original.gif" for 127.0.0.1 at 2011-04-17 23:19:51 +0200

ActionController::RoutingError (No route matches "/images/fallback/default_illustration_original.gif"):
  

Rendered /Users/synthmax/.rvm/gems/ruby-1.9.2-rc2@gopublish/gems/actionpack-3.0.3/lib/action_dispatch/middleware/templates/rescues/routing_error.erb within rescues/layout (0.7ms)


Started GET "/dk/admin" for 127.0.0.1 at 2011-04-17 23:19:54 +0200
  Processing by AdminController#index as HTML
  Parameters: {"locale"=>"dk"}
  [1m[36mUser Load (0.8ms)[0m  [1mSELECT `users`.* FROM `users` WHERE (`users`.`id` = 1) LIMIT 1[0m
DEPRECATION WARNING: <% %> style block helpers are deprecated. Please use <%= %>. (called from _app_views_shared__navigation_html_erb__826833013338909757_2187065060_3995803642467560937 at /Users/synthmax/Dropbox/htxwiki/app/views/shared/_navigation.html.erb:42)
Rendered shared/_navigation.html.erb (3.0ms)
Rendered shared/_footer.html.erb (0.2ms)
Rendered admin/index.html.erb within layouts/admin (8.0ms)
Completed 200 OK in 38ms (Views: 10.6ms | ActiveRecord: 0.8ms | Sphinx: 0.0ms)


Started GET "/dk/blogs" for 127.0.0.1 at 2011-04-17 23:19:56 +0200
  Processing by BlogsController#index as HTML
  Parameters: {"locale"=>"dk"}
  [1m[35mUser Load (0.8ms)[0m  SELECT `users`.* FROM `users` WHERE (`users`.`id` = 1) LIMIT 1
  [1m[36mBlog Load (0.7ms)[0m  [1mSELECT `blogs`.* FROM `blogs` WHERE (`blogs`.`language` = 'en') ORDER BY created_at DESC LIMIT 4 OFFSET 0[0m
DEPRECATION WARNING: <% %> style block helpers are deprecated. Please use <%= %>. (called from _app_views_shared__navigation_html_erb__826833013338909757_2159318320_3995803642467560937 at /Users/synthmax/Dropbox/htxwiki/app/views/shared/_navigation.html.erb:42)
Rendered shared/_navigation.html.erb (3.3ms)
Rendered shared/_topbanner.erb (0.2ms)
Rendered shared/_footer.html.erb (0.2ms)
Rendered blogs/index.html.erb within layouts/application (8.9ms)
Completed 200 OK in 38ms (Views: 16.4ms | ActiveRecord: 1.5ms | Sphinx: 0.0ms)


Started GET "/?locale=dk" for 127.0.0.1 at 2011-04-17 23:20:00 +0200
  Processing by HomeController#index as HTML
  Parameters: {"locale"=>"dk"}
  [1m[35mUser Load (0.9ms)[0m  SELECT `users`.* FROM `users` WHERE (`users`.`id` = 1) LIMIT 1
  [1m[36mIllustration Load (0.8ms)[0m  [1mSELECT `illustrations`.* FROM `illustrations` WHERE (`illustrations`.`title` = 'logo') LIMIT 1[0m
  [1m[35mPage Load (0.5ms)[0m  SELECT `pages`.* FROM `pages` WHERE (`pages`.`identity` = 'welcome_dk ') LIMIT 1
DEPRECATION WARNING: <% %> style block helpers are deprecated. Please use <%= %>. (called from _app_views_shared__navigation_html_erb__826833013338909757_2189905040_3995803642467560937 at /Users/synthmax/Dropbox/htxwiki/app/views/shared/_navigation.html.erb:42)
Rendered shared/_navigation.html.erb (3.1ms)
Rendered shared/_topbanner.erb (0.2ms)
Rendered shared/_footer.html.erb (0.2ms)
Rendered home/index.html.erb within layouts/application (20.2ms)
Completed 200 OK in 153ms (Views: 25.1ms | ActiveRecord: 2.2ms | Sphinx: 0.0ms)


Started GET "/images/fallback/default_illustration_original.gif" for 127.0.0.1 at 2011-04-17 23:20:00 +0200

ActionController::RoutingError (No route matches "/images/fallback/default_illustration_original.gif"):
  

Rendered /Users/synthmax/.rvm/gems/ruby-1.9.2-rc2@gopublish/gems/actionpack-3.0.3/lib/action_dispatch/middleware/templates/rescues/routing_error.erb within rescues/layout (0.7ms)


Started GET "/images/fallback/default_illustration_original.gif" for 127.0.0.1 at 2011-04-17 23:20:00 +0200

ActionController::RoutingError (No route matches "/images/fallback/default_illustration_original.gif"):
  

Rendered /Users/synthmax/.rvm/gems/ruby-1.9.2-rc2@gopublish/gems/actionpack-3.0.3/lib/action_dispatch/middleware/templates/rescues/routing_error.erb within rescues/layout (0.7ms)


Started GET "/dk/admin" for 127.0.0.1 at 2011-04-17 23:20:29 +0200
  Processing by AdminController#index as HTML
  Parameters: {"locale"=>"dk"}
  [1m[36mUser Load (0.9ms)[0m  [1mSELECT `users`.* FROM `users` WHERE (`users`.`id` = 1) LIMIT 1[0m
DEPRECATION WARNING: <% %> style block helpers are deprecated. Please use <%= %>. (called from _app_views_shared__navigation_html_erb__826833013338909757_2159837240_3995803642467560937 at /Users/synthmax/Dropbox/htxwiki/app/views/shared/_navigation.html.erb:42)
Rendered shared/_navigation.html.erb (2.8ms)
Rendered shared/_footer.html.erb (0.2ms)
Rendered admin/index.html.erb within layouts/admin (7.7ms)
Completed 200 OK in 38ms (Views: 10.6ms | ActiveRecord: 0.9ms | Sphinx: 0.0ms)


Started GET "/dk/casestorries" for 127.0.0.1 at 2011-04-17 23:20:30 +0200
  Processing by CasestorriesController#index as HTML
  Parameters: {"locale"=>"dk"}
  [1m[35mUser Load (0.8ms)[0m  SELECT `users`.* FROM `users` WHERE (`users`.`id` = 1) LIMIT 1
  [1m[36mCasestorry Load (0.7ms)[0m  [1mSELECT `casestorries`.* FROM `casestorries`[0m
DEPRECATION WARNING: <% %> style block helpers are deprecated. Please use <%= %>. (called from _app_views_shared__navigation_html_erb__826833013338909757_2236295460_3995803642467560937 at /Users/synthmax/Dropbox/htxwiki/app/views/shared/_navigation.html.erb:42)
Rendered shared/_navigation.html.erb (3.2ms)
Rendered shared/_topbanner.erb (0.2ms)
Rendered shared/_footer.html.erb (0.2ms)
Rendered casestorries/index.html.erb within layouts/application (19.1ms)
Completed 200 OK in 104ms (Views: 26.1ms | ActiveRecord: 1.5ms | Sphinx: 0.0ms)


Started GET "/dk/casestorries/new" for 127.0.0.1 at 2011-04-17 23:20:32 +0200
  Processing by CasestorriesController#new as HTML
  Parameters: {"locale"=>"dk"}
  [1m[35mUser Load (0.8ms)[0m  SELECT `users`.* FROM `users` WHERE (`users`.`id` = 1) LIMIT 1
Rendered casestorries/_form.html.erb (7.3ms)
DEPRECATION WARNING: <% %> style block helpers are deprecated. Please use <%= %>. (called from _app_views_shared__navigation_html_erb__826833013338909757_2186941640_3995803642467560937 at /Users/synthmax/Dropbox/htxwiki/app/views/shared/_navigation.html.erb:42)
Rendered shared/_navigation.html.erb (3.2ms)
Rendered shared/_topbanner.erb (0.2ms)
Rendered shared/_footer.html.erb (0.2ms)
Rendered casestorries/new.html.erb within layouts/application (16.4ms)
Completed 200 OK in 59ms (Views: 23.8ms | ActiveRecord: 0.8ms | Sphinx: 0.0ms)


Started POST "/dk/casestorries" for 127.0.0.1 at 2011-04-17 23:20:58 +0200
  Processing by CasestorriesController#create as JS
  Parameters: {"Filename"=>"koldinghus.jpg", "authenticity_token"=>"rO/4K/zairdZ+7LOBoJ7p9TZWy5Qe0uArFBklBTndQY=", "casestorry"=>{"title"=>"bla bla", "category"=>"sdf", "image"=>#<ActionDispatch::Http::UploadedFile:0x00000102581940 @original_filename="koldinghus.jpg", @content_type="application/octet-stream", @headers="Content-Disposition: form-data; name=\"casestorry[image]\"; filename=\"koldinghus.jpg\"\r\nContent-Type: application/octet-stream\r\n", @tempfile=#<File:/var/folders/9D/9DqRwQuWH3yKQPppxNiM2++++TI/-Tmp-/RackMultipart20110417-12539-1nyrb5v>>}, "_template_session"=>"BAh7CUkiEF9jc3JmX3Rva2VuBjoGRUZJIjFyTy80Sy96YWlyZForN0xPQm9KN3A5VFpXeTVRZTB1QXJGQmtsQlRuZFFZPQY7AEZJIgtsb2NhbGUGOwBGSSIHZGsGOwBUSSIZd2FyZGVuLnVzZXIudXNlci5rZXkGOwBUWwdJIglVc2VyBjsARmkGSSIPc2Vzc2lvbl9pZAY7AEYiJWRjYmZmMDY3ODc2MjAwODEyYTdiODc1MjA2N2IxNDI2--15ee41ee19bbfde5f7a03f5159cccbb411ef5766", "folder"=>"/dk/casestorries/", "_http_accept"=>"application/javascript", "utf8"=>"✓", "commit"=>"gem", "Upload"=>"Submit Query", "locale"=>"dk"}
  [1m[36mUser Load (0.8ms)[0m  [1mSELECT `users`.* FROM `users` WHERE (`users`.`id` = 1) LIMIT 1[0m
[paperclip] identify -format %wx%h '/var/folders/9D/9DqRwQuWH3yKQPppxNiM2++++TI/-Tmp-/stream20110417-12539-8wod7d.jpg[0]' 2>/dev/null
[paperclip] convert '/var/folders/9D/9DqRwQuWH3yKQPppxNiM2++++TI/-Tmp-/stream20110417-12539-8wod7d.jpg[0]' -resize "32x32" '/var/folders/9D/9DqRwQuWH3yKQPppxNiM2++++TI/-Tmp-/stream20110417-12539-8wod7d20110417-12539-g6ft04' 2>/dev/null
[paperclip] identify -format %wx%h '/var/folders/9D/9DqRwQuWH3yKQPppxNiM2++++TI/-Tmp-/stream20110417-12539-8wod7d.jpg[0]' 2>/dev/null
[paperclip] convert '/var/folders/9D/9DqRwQuWH3yKQPppxNiM2++++TI/-Tmp-/stream20110417-12539-8wod7d.jpg[0]' -resize "x146" -crop "238x146+10+0" +repage '/var/folders/9D/9DqRwQuWH3yKQPppxNiM2++++TI/-Tmp-/stream20110417-12539-8wod7d20110417-12539-15jor0i' 2>/dev/null
[paperclip] identify -format %wx%h '/var/folders/9D/9DqRwQuWH3yKQPppxNiM2++++TI/-Tmp-/stream20110417-12539-y1hi3a.jpg[0]' 2>/dev/null
[paperclip] convert '/var/folders/9D/9DqRwQuWH3yKQPppxNiM2++++TI/-Tmp-/stream20110417-12539-y1hi3a.jpg[0]' -resize "32x32" '/var/folders/9D/9DqRwQuWH3yKQPppxNiM2++++TI/-Tmp-/stream20110417-12539-y1hi3a20110417-12539-hc18uz' 2>/dev/null
[paperclip] identify -format %wx%h '/var/folders/9D/9DqRwQuWH3yKQPppxNiM2++++TI/-Tmp-/stream20110417-12539-y1hi3a.jpg[0]' 2>/dev/null
[paperclip] convert '/var/folders/9D/9DqRwQuWH3yKQPppxNiM2++++TI/-Tmp-/stream20110417-12539-y1hi3a.jpg[0]' -resize "x146" -crop "238x146+10+0" +repage '/var/folders/9D/9DqRwQuWH3yKQPppxNiM2++++TI/-Tmp-/stream20110417-12539-y1hi3a20110417-12539-16sbvmc' 2>/dev/null
  [1m[35mSQL (0.8ms)[0m  BEGIN
  [1m[36mSQL (2.1ms)[0m  [1mdescribe `casestorries`[0m
  [1m[35mAREL (0.2ms)[0m  INSERT INTO `casestorries` (`title`, `body`, `category`, `created_at`, `updated_at`, `image_file_name`, `image_content_type`, `image_file_size`, `image_updated_at`) VALUES ('bla bla', NULL, 'sdf', '2011-04-17 21:20:58', '2011-04-17 21:20:58', 'koldinghus.jpg', 'image/jpeg', 163680, '2011-04-17 21:20:58')
[paperclip] Saving attachments.
[paperclip] saving /Users/synthmax/Dropbox/htxwiki/public/system/images/2/original/koldinghus.jpg
[paperclip] saving /Users/synthmax/Dropbox/htxwiki/public/system/images/2/mini/koldinghus.jpg
[paperclip] saving /Users/synthmax/Dropbox/htxwiki/public/system/images/2/thumbnail/koldinghus.jpg
  [1m[36mSQL (0.6ms)[0m  [1mCOMMIT[0m
  [1m[35mSQL (0.1ms)[0m  BEGIN
[paperclip] Saving attachments.
  [1m[36mSQL (0.1ms)[0m  [1mCOMMIT[0m
Rendered casestorries/create.js.erb (1.6ms)
Completed 200 OK in 275ms (Views: 17.4ms | ActiveRecord: 4.8ms | Sphinx: 0.0ms)


Started GET "/dk/casestorries/2" for 127.0.0.1 at 2011-04-17 23:20:58 +0200
  Processing by CasestorriesController#show as HTML
  Parameters: {"locale"=>"dk", "id"=>"2"}
  [1m[35mUser Load (0.8ms)[0m  SELECT `users`.* FROM `users` WHERE (`users`.`id` = 1) LIMIT 1
  [1m[36mCasestorry Load (0.9ms)[0m  [1mSELECT `casestorries`.* FROM `casestorries` WHERE (`casestorries`.`id` = 2) LIMIT 1[0m
DEPRECATION WARNING: <% %> style block helpers are deprecated. Please use <%= %>. (called from _app_views_shared__navigation_html_erb__826833013338909757_2235627600_3995803642467560937 at /Users/synthmax/Dropbox/htxwiki/app/views/shared/_navigation.html.erb:42)
Rendered shared/_navigation.html.erb (3.6ms)
Rendered shared/_topbanner.erb (0.2ms)
Rendered shared/_footer.html.erb (0.3ms)
Rendered casestorries/show.html.erb within layouts/application (17.5ms)
Completed 200 OK in 64ms (Views: 25.2ms | ActiveRecord: 1.7ms | Sphinx: 0.0ms)


Started GET "/dk/casestorries" for 127.0.0.1 at 2011-04-17 23:21:00 +0200
  Processing by CasestorriesController#index as HTML
  Parameters: {"locale"=>"dk"}
  [1m[35mUser Load (0.8ms)[0m  SELECT `users`.* FROM `users` WHERE (`users`.`id` = 1) LIMIT 1
  [1m[36mCasestorry Load (0.6ms)[0m  [1mSELECT `casestorries`.* FROM `casestorries`[0m
DEPRECATION WARNING: <% %> style block helpers are deprecated. Please use <%= %>. (called from _app_views_shared__navigation_html_erb__826833013338909757_2167221260_3995803642467560937 at /Users/synthmax/Dropbox/htxwiki/app/views/shared/_navigation.html.erb:42)
Rendered shared/_navigation.html.erb (3.0ms)
Rendered shared/_topbanner.erb (0.2ms)
Rendered shared/_footer.html.erb (0.3ms)
Rendered casestorries/index.html.erb within layouts/application (20.3ms)
Completed 200 OK in 94ms (Views: 27.0ms | ActiveRecord: 1.4ms | Sphinx: 0.0ms)


Started GET "/dk/casestorries/1" for 127.0.0.1 at 2011-04-17 23:21:51 +0200
  Processing by CasestorriesController#show as HTML
  Parameters: {"locale"=>"dk", "id"=>"1"}
  [1m[35mUser Load (0.8ms)[0m  SELECT `users`.* FROM `users` WHERE (`users`.`id` = 1) LIMIT 1
  [1m[36mCasestorry Load (0.6ms)[0m  [1mSELECT `casestorries`.* FROM `casestorries` WHERE (`casestorries`.`id` = 1) LIMIT 1[0m
DEPRECATION WARNING: <% %> style block helpers are deprecated. Please use <%= %>. (called from _app_views_shared__navigation_html_erb__826833013338909757_2157678520_3995803642467560937 at /Users/synthmax/Dropbox/htxwiki/app/views/shared/_navigation.html.erb:42)
Rendered shared/_navigation.html.erb (3.4ms)
Rendered shared/_topbanner.erb (0.2ms)
Rendered shared/_footer.html.erb (0.3ms)
Rendered casestorries/show.html.erb within layouts/application (16.6ms)
Completed 200 OK in 62ms (Views: 24.0ms | ActiveRecord: 1.4ms | Sphinx: 0.0ms)
